make: Entering directory '/home/lyxin65/pintos/subject/src/threads'
mkdir -p build/devices
mkdir -p build/lib
mkdir -p build/lib/kernel
mkdir -p build/lib/user
mkdir -p build/tests/threads
mkdir -p build/threads
cp ../Makefile.build build/Makefile
cd build && make check
make[1]: Entering directory '/home/lyxin65/pintos/subject/src/threads/build'
gcc -E -nostdinc -I../.. -I../../lib -I../../lib/kernel -P ../../threads/kernel.lds.S > threads/kernel.lds.s
gcc -c ../../threads/start.S -o threads/start.o -Wa,--gstabs,--32 -nostdinc -I../.. -I../../lib -I../../lib/kernel  -MMD -MF threads/start.d
gcc -c ../../threads/init.c -o threads/init.o -m32 -g -msoft-float -O -Wl,-z,norelro -fno-stack-protector -nostdinc -I../.. -I../../lib -I../../lib/kernel -Wall -W -Wstrict-prototypes -Wmissing-prototypes -Wsystem-headers  -MMD -MF threads/init.d
gcc -c ../../threads/thread.c -o threads/thread.o -m32 -g -msoft-float -O -Wl,-z,norelro -fno-stack-protector -nostdinc -I../.. -I../../lib -I../../lib/kernel -Wall -W -Wstrict-prototypes -Wmissing-prototypes -Wsystem-headers  -MMD -MF threads/thread.d
../../threads/thread.c:96:13: warning: function declaration isn’t a prototype [-Wstrict-prototypes]
 static void calc_load_avg() {
             ^
../../threads/thread.c:132:13: warning: function declaration isn’t a prototype [-Wstrict-prototypes]
 static void thread_calc_recent_cpu_all() {
             ^
../../threads/thread.c:149:13: warning: function declaration isn’t a prototype [-Wstrict-prototypes]
 static void thread_calc_priority_all() {
             ^
../../threads/thread.c:556:6: warning: no previous prototype for ‘thread_donate_priority’ [-Wmissing-prototypes]
 void thread_donate_priority(struct thread *t, int new_priority) {
      ^
gcc -c ../../threads/switch.S -o threads/switch.o -Wa,--gstabs,--32 -nostdinc -I../.. -I../../lib -I../../lib/kernel  -MMD -MF threads/switch.d
gcc -c ../../threads/interrupt.c -o threads/interrupt.o -m32 -g -msoft-float -O -Wl,-z,norelro -fno-stack-protector -nostdinc -I../.. -I../../lib -I../../lib/kernel -Wall -W -Wstrict-prototypes -Wmissing-prototypes -Wsystem-headers  -MMD -MF threads/interrupt.d
gcc -c ../../threads/intr-stubs.S -o threads/intr-stubs.o -Wa,--gstabs,--32 -nostdinc -I../.. -I../../lib -I../../lib/kernel  -MMD -MF threads/intr-stubs.d
gcc -c ../../threads/synch.c -o threads/synch.o -m32 -g -msoft-float -O -Wl,-z,norelro -fno-stack-protector -nostdinc -I../.. -I../../lib -I../../lib/kernel -Wall -W -Wstrict-prototypes -Wmissing-prototypes -Wsystem-headers  -MMD -MF threads/synch.d
../../threads/synch.c: In function ‘lock_acquire’:
../../threads/synch.c:236:5: warning: implicit declaration of function ‘thread_donate_priority’ [-Wimplicit-function-declaration]
     thread_donate_priority(cur_holder, t->priority);
     ^
gcc -c ../../threads/palloc.c -o threads/palloc.o -m32 -g -msoft-float -O -Wl,-z,norelro -fno-stack-protector -nostdinc -I../.. -I../../lib -I../../lib/kernel -Wall -W -Wstrict-prototypes -Wmissing-prototypes -Wsystem-headers  -MMD -MF threads/palloc.d
gcc -c ../../threads/malloc.c -o threads/malloc.o -m32 -g -msoft-float -O -Wl,-z,norelro -fno-stack-protector -nostdinc -I../.. -I../../lib -I../../lib/kernel -Wall -W -Wstrict-prototypes -Wmissing-prototypes -Wsystem-headers  -MMD -MF threads/malloc.d
gcc -c ../../devices/pit.c -o devices/pit.o -m32 -g -msoft-float -O -Wl,-z,norelro -fno-stack-protector -nostdinc -I../.. -I../../lib -I../../lib/kernel -Wall -W -Wstrict-prototypes -Wmissing-prototypes -Wsystem-headers  -MMD -MF devices/pit.d
gcc -c ../../devices/timer.c -o devices/timer.o -m32 -g -msoft-float -O -Wl,-z,norelro -fno-stack-protector -nostdinc -I../.. -I../../lib -I../../lib/kernel -Wall -W -Wstrict-prototypes -Wmissing-prototypes -Wsystem-headers  -MMD -MF devices/timer.d
gcc -c ../../devices/kbd.c -o devices/kbd.o -m32 -g -msoft-float -O -Wl,-z,norelro -fno-stack-protector -nostdinc -I../.. -I../../lib -I../../lib/kernel -Wall -W -Wstrict-prototypes -Wmissing-prototypes -Wsystem-headers  -MMD -MF devices/kbd.d
gcc -c ../../devices/vga.c -o devices/vga.o -m32 -g -msoft-float -O -Wl,-z,norelro -fno-stack-protector -nostdinc -I../.. -I../../lib -I../../lib/kernel -Wall -W -Wstrict-prototypes -Wmissing-prototypes -Wsystem-headers  -MMD -MF devices/vga.d
gcc -c ../../devices/serial.c -o devices/serial.o -m32 -g -msoft-float -O -Wl,-z,norelro -fno-stack-protector -nostdinc -I../.. -I../../lib -I../../lib/kernel -Wall -W -Wstrict-prototypes -Wmissing-prototypes -Wsystem-headers  -MMD -MF devices/serial.d
gcc -c ../../devices/block.c -o devices/block.o -m32 -g -msoft-float -O -Wl,-z,norelro -fno-stack-protector -nostdinc -I../.. -I../../lib -I../../lib/kernel -Wall -W -Wstrict-prototypes -Wmissing-prototypes -Wsystem-headers  -MMD -MF devices/block.d
gcc -c ../../devices/partition.c -o devices/partition.o -m32 -g -msoft-float -O -Wl,-z,norelro -fno-stack-protector -nostdinc -I../.. -I../../lib -I../../lib/kernel -Wall -W -Wstrict-prototypes -Wmissing-prototypes -Wsystem-headers  -MMD -MF devices/partition.d
gcc -c ../../devices/ide.c -o devices/ide.o -m32 -g -msoft-float -O -Wl,-z,norelro -fno-stack-protector -nostdinc -I../.. -I../../lib -I../../lib/kernel -Wall -W -Wstrict-prototypes -Wmissing-prototypes -Wsystem-headers  -MMD -MF devices/ide.d
gcc -c ../../devices/input.c -o devices/input.o -m32 -g -msoft-float -O -Wl,-z,norelro -fno-stack-protector -nostdinc -I../.. -I../../lib -I../../lib/kernel -Wall -W -Wstrict-prototypes -Wmissing-prototypes -Wsystem-headers  -MMD -MF devices/input.d
gcc -c ../../devices/intq.c -o devices/intq.o -m32 -g -msoft-float -O -Wl,-z,norelro -fno-stack-protector -nostdinc -I../.. -I../../lib -I../../lib/kernel -Wall -W -Wstrict-prototypes -Wmissing-prototypes -Wsystem-headers  -MMD -MF devices/intq.d
gcc -c ../../devices/rtc.c -o devices/rtc.o -m32 -g -msoft-float -O -Wl,-z,norelro -fno-stack-protector -nostdinc -I../.. -I../../lib -I../../lib/kernel -Wall -W -Wstrict-prototypes -Wmissing-prototypes -Wsystem-headers  -MMD -MF devices/rtc.d
gcc -c ../../devices/shutdown.c -o devices/shutdown.o -m32 -g -msoft-float -O -Wl,-z,norelro -fno-stack-protector -nostdinc -I../.. -I../../lib -I../../lib/kernel -Wall -W -Wstrict-prototypes -Wmissing-prototypes -Wsystem-headers  -MMD -MF devices/shutdown.d
gcc -c ../../devices/speaker.c -o devices/speaker.o -m32 -g -msoft-float -O -Wl,-z,norelro -fno-stack-protector -nostdinc -I../.. -I../../lib -I../../lib/kernel -Wall -W -Wstrict-prototypes -Wmissing-prototypes -Wsystem-headers  -MMD -MF devices/speaker.d
gcc -c ../../lib/debug.c -o lib/debug.o -m32 -g -msoft-float -O -Wl,-z,norelro -fno-stack-protector -nostdinc -I../.. -I../../lib -I../../lib/kernel -Wall -W -Wstrict-prototypes -Wmissing-prototypes -Wsystem-headers  -MMD -MF lib/debug.d
gcc -c ../../lib/random.c -o lib/random.o -m32 -g -msoft-float -O -Wl,-z,norelro -fno-stack-protector -nostdinc -I../.. -I../../lib -I../../lib/kernel -Wall -W -Wstrict-prototypes -Wmissing-prototypes -Wsystem-headers  -MMD -MF lib/random.d
gcc -c ../../lib/stdio.c -o lib/stdio.o -m32 -g -msoft-float -O -Wl,-z,norelro -fno-stack-protector -nostdinc -I../.. -I../../lib -I../../lib/kernel -Wall -W -Wstrict-prototypes -Wmissing-prototypes -Wsystem-headers  -MMD -MF lib/stdio.d
gcc -c ../../lib/stdlib.c -o lib/stdlib.o -m32 -g -msoft-float -O -Wl,-z,norelro -fno-stack-protector -nostdinc -I../.. -I../../lib -I../../lib/kernel -Wall -W -Wstrict-prototypes -Wmissing-prototypes -Wsystem-headers  -MMD -MF lib/stdlib.d
gcc -c ../../lib/string.c -o lib/string.o -m32 -g -msoft-float -O -Wl,-z,norelro -fno-stack-protector -nostdinc -I../.. -I../../lib -I../../lib/kernel -Wall -W -Wstrict-prototypes -Wmissing-prototypes -Wsystem-headers  -MMD -MF lib/string.d
gcc -c ../../lib/arithmetic.c -o lib/arithmetic.o -m32 -g -msoft-float -O -Wl,-z,norelro -fno-stack-protector -nostdinc -I../.. -I../../lib -I../../lib/kernel -Wall -W -Wstrict-prototypes -Wmissing-prototypes -Wsystem-headers  -MMD -MF lib/arithmetic.d
gcc -c ../../lib/ustar.c -o lib/ustar.o -m32 -g -msoft-float -O -Wl,-z,norelro -fno-stack-protector -nostdinc -I../.. -I../../lib -I../../lib/kernel -Wall -W -Wstrict-prototypes -Wmissing-prototypes -Wsystem-headers  -MMD -MF lib/ustar.d
gcc -c ../../lib/kernel/debug.c -o lib/kernel/debug.o -m32 -g -msoft-float -O -Wl,-z,norelro -fno-stack-protector -nostdinc -I../.. -I../../lib -I../../lib/kernel -Wall -W -Wstrict-prototypes -Wmissing-prototypes -Wsystem-headers  -MMD -MF lib/kernel/debug.d
gcc -c ../../lib/kernel/list.c -o lib/kernel/list.o -m32 -g -msoft-float -O -Wl,-z,norelro -fno-stack-protector -nostdinc -I../.. -I../../lib -I../../lib/kernel -Wall -W -Wstrict-prototypes -Wmissing-prototypes -Wsystem-headers  -MMD -MF lib/kernel/list.d
gcc -c ../../lib/kernel/bitmap.c -o lib/kernel/bitmap.o -m32 -g -msoft-float -O -Wl,-z,norelro -fno-stack-protector -nostdinc -I../.. -I../../lib -I../../lib/kernel -Wall -W -Wstrict-prototypes -Wmissing-prototypes -Wsystem-headers  -MMD -MF lib/kernel/bitmap.d
gcc -c ../../lib/kernel/hash.c -o lib/kernel/hash.o -m32 -g -msoft-float -O -Wl,-z,norelro -fno-stack-protector -nostdinc -I../.. -I../../lib -I../../lib/kernel -Wall -W -Wstrict-prototypes -Wmissing-prototypes -Wsystem-headers  -MMD -MF lib/kernel/hash.d
gcc -c ../../lib/kernel/console.c -o lib/kernel/console.o -m32 -g -msoft-float -O -Wl,-z,norelro -fno-stack-protector -nostdinc -I../.. -I../../lib -I../../lib/kernel -Wall -W -Wstrict-prototypes -Wmissing-prototypes -Wsystem-headers  -MMD -MF lib/kernel/console.d
gcc -c ../../tests/threads/tests.c -o tests/threads/tests.o -m32 -g -msoft-float -O -Wl,-z,norelro -fno-stack-protector -nostdinc -I../.. -I../../lib -I../../lib/kernel -Wall -W -Wstrict-prototypes -Wmissing-prototypes -Wsystem-headers  -MMD -MF tests/threads/tests.d
gcc -c ../../tests/threads/alarm-wait.c -o tests/threads/alarm-wait.o -m32 -g -msoft-float -O -Wl,-z,norelro -fno-stack-protector -nostdinc -I../.. -I../../lib -I../../lib/kernel -Wall -W -Wstrict-prototypes -Wmissing-prototypes -Wsystem-headers  -MMD -MF tests/threads/alarm-wait.d
gcc -c ../../tests/threads/alarm-simultaneous.c -o tests/threads/alarm-simultaneous.o -m32 -g -msoft-float -O -Wl,-z,norelro -fno-stack-protector -nostdinc -I../.. -I../../lib -I../../lib/kernel -Wall -W -Wstrict-prototypes -Wmissing-prototypes -Wsystem-headers  -MMD -MF tests/threads/alarm-simultaneous.d
gcc -c ../../tests/threads/alarm-priority.c -o tests/threads/alarm-priority.o -m32 -g -msoft-float -O -Wl,-z,norelro -fno-stack-protector -nostdinc -I../.. -I../../lib -I../../lib/kernel -Wall -W -Wstrict-prototypes -Wmissing-prototypes -Wsystem-headers  -MMD -MF tests/threads/alarm-priority.d
gcc -c ../../tests/threads/alarm-zero.c -o tests/threads/alarm-zero.o -m32 -g -msoft-float -O -Wl,-z,norelro -fno-stack-protector -nostdinc -I../.. -I../../lib -I../../lib/kernel -Wall -W -Wstrict-prototypes -Wmissing-prototypes -Wsystem-headers  -MMD -MF tests/threads/alarm-zero.d
gcc -c ../../tests/threads/alarm-negative.c -o tests/threads/alarm-negative.o -m32 -g -msoft-float -O -Wl,-z,norelro -fno-stack-protector -nostdinc -I../.. -I../../lib -I../../lib/kernel -Wall -W -Wstrict-prototypes -Wmissing-prototypes -Wsystem-headers  -MMD -MF tests/threads/alarm-negative.d
gcc -c ../../tests/threads/priority-change.c -o tests/threads/priority-change.o -m32 -g -msoft-float -O -Wl,-z,norelro -fno-stack-protector -nostdinc -I../.. -I../../lib -I../../lib/kernel -Wall -W -Wstrict-prototypes -Wmissing-prototypes -Wsystem-headers  -MMD -MF tests/threads/priority-change.d
gcc -c ../../tests/threads/priority-donate-one.c -o tests/threads/priority-donate-one.o -m32 -g -msoft-float -O -Wl,-z,norelro -fno-stack-protector -nostdinc -I../.. -I../../lib -I../../lib/kernel -Wall -W -Wstrict-prototypes -Wmissing-prototypes -Wsystem-headers  -MMD -MF tests/threads/priority-donate-one.d
gcc -c ../../tests/threads/priority-donate-multiple.c -o tests/threads/priority-donate-multiple.o -m32 -g -msoft-float -O -Wl,-z,norelro -fno-stack-protector -nostdinc -I../.. -I../../lib -I../../lib/kernel -Wall -W -Wstrict-prototypes -Wmissing-prototypes -Wsystem-headers  -MMD -MF tests/threads/priority-donate-multiple.d
gcc -c ../../tests/threads/priority-donate-multiple2.c -o tests/threads/priority-donate-multiple2.o -m32 -g -msoft-float -O -Wl,-z,norelro -fno-stack-protector -nostdinc -I../.. -I../../lib -I../../lib/kernel -Wall -W -Wstrict-prototypes -Wmissing-prototypes -Wsystem-headers  -MMD -MF tests/threads/priority-donate-multiple2.d
gcc -c ../../tests/threads/priority-donate-nest.c -o tests/threads/priority-donate-nest.o -m32 -g -msoft-float -O -Wl,-z,norelro -fno-stack-protector -nostdinc -I../.. -I../../lib -I../../lib/kernel -Wall -W -Wstrict-prototypes -Wmissing-prototypes -Wsystem-headers  -MMD -MF tests/threads/priority-donate-nest.d
gcc -c ../../tests/threads/priority-donate-sema.c -o tests/threads/priority-donate-sema.o -m32 -g -msoft-float -O -Wl,-z,norelro -fno-stack-protector -nostdinc -I../.. -I../../lib -I../../lib/kernel -Wall -W -Wstrict-prototypes -Wmissing-prototypes -Wsystem-headers  -MMD -MF tests/threads/priority-donate-sema.d
gcc -c ../../tests/threads/priority-donate-lower.c -o tests/threads/priority-donate-lower.o -m32 -g -msoft-float -O -Wl,-z,norelro -fno-stack-protector -nostdinc -I../.. -I../../lib -I../../lib/kernel -Wall -W -Wstrict-prototypes -Wmissing-prototypes -Wsystem-headers  -MMD -MF tests/threads/priority-donate-lower.d
gcc -c ../../tests/threads/priority-fifo.c -o tests/threads/priority-fifo.o -m32 -g -msoft-float -O -Wl,-z,norelro -fno-stack-protector -nostdinc -I../.. -I../../lib -I../../lib/kernel -Wall -W -Wstrict-prototypes -Wmissing-prototypes -Wsystem-headers  -MMD -MF tests/threads/priority-fifo.d
gcc -c ../../tests/threads/priority-preempt.c -o tests/threads/priority-preempt.o -m32 -g -msoft-float -O -Wl,-z,norelro -fno-stack-protector -nostdinc -I../.. -I../../lib -I../../lib/kernel -Wall -W -Wstrict-prototypes -Wmissing-prototypes -Wsystem-headers  -MMD -MF tests/threads/priority-preempt.d
gcc -c ../../tests/threads/priority-sema.c -o tests/threads/priority-sema.o -m32 -g -msoft-float -O -Wl,-z,norelro -fno-stack-protector -nostdinc -I../.. -I../../lib -I../../lib/kernel -Wall -W -Wstrict-prototypes -Wmissing-prototypes -Wsystem-headers  -MMD -MF tests/threads/priority-sema.d
gcc -c ../../tests/threads/priority-condvar.c -o tests/threads/priority-condvar.o -m32 -g -msoft-float -O -Wl,-z,norelro -fno-stack-protector -nostdinc -I../.. -I../../lib -I../../lib/kernel -Wall -W -Wstrict-prototypes -Wmissing-prototypes -Wsystem-headers  -MMD -MF tests/threads/priority-condvar.d
gcc -c ../../tests/threads/priority-donate-chain.c -o tests/threads/priority-donate-chain.o -m32 -g -msoft-float -O -Wl,-z,norelro -fno-stack-protector -nostdinc -I../.. -I../../lib -I../../lib/kernel -Wall -W -Wstrict-prototypes -Wmissing-prototypes -Wsystem-headers  -MMD -MF tests/threads/priority-donate-chain.d
gcc -c ../../tests/threads/mlfqs-load-1.c -o tests/threads/mlfqs-load-1.o -m32 -g -msoft-float -O -Wl,-z,norelro -fno-stack-protector -nostdinc -I../.. -I../../lib -I../../lib/kernel -Wall -W -Wstrict-prototypes -Wmissing-prototypes -Wsystem-headers  -MMD -MF tests/threads/mlfqs-load-1.d
gcc -c ../../tests/threads/mlfqs-load-60.c -o tests/threads/mlfqs-load-60.o -m32 -g -msoft-float -O -Wl,-z,norelro -fno-stack-protector -nostdinc -I../.. -I../../lib -I../../lib/kernel -Wall -W -Wstrict-prototypes -Wmissing-prototypes -Wsystem-headers  -MMD -MF tests/threads/mlfqs-load-60.d
gcc -c ../../tests/threads/mlfqs-load-avg.c -o tests/threads/mlfqs-load-avg.o -m32 -g -msoft-float -O -Wl,-z,norelro -fno-stack-protector -nostdinc -I../.. -I../../lib -I../../lib/kernel -Wall -W -Wstrict-prototypes -Wmissing-prototypes -Wsystem-headers  -MMD -MF tests/threads/mlfqs-load-avg.d
gcc -c ../../tests/threads/mlfqs-recent-1.c -o tests/threads/mlfqs-recent-1.o -m32 -g -msoft-float -O -Wl,-z,norelro -fno-stack-protector -nostdinc -I../.. -I../../lib -I../../lib/kernel -Wall -W -Wstrict-prototypes -Wmissing-prototypes -Wsystem-headers  -MMD -MF tests/threads/mlfqs-recent-1.d
gcc -c ../../tests/threads/mlfqs-fair.c -o tests/threads/mlfqs-fair.o -m32 -g -msoft-float -O -Wl,-z,norelro -fno-stack-protector -nostdinc -I../.. -I../../lib -I../../lib/kernel -Wall -W -Wstrict-prototypes -Wmissing-prototypes -Wsystem-headers  -MMD -MF tests/threads/mlfqs-fair.d
gcc -c ../../tests/threads/mlfqs-block.c -o tests/threads/mlfqs-block.o -m32 -g -msoft-float -O -Wl,-z,norelro -fno-stack-protector -nostdinc -I../.. -I../../lib -I../../lib/kernel -Wall -W -Wstrict-prototypes -Wmissing-prototypes -Wsystem-headers  -MMD -MF tests/threads/mlfqs-block.d
ld -melf_i386 -z norelro -T threads/kernel.lds.s -o kernel.o threads/start.o threads/init.o threads/thread.o threads/switch.o threads/interrupt.o threads/intr-stubs.o threads/synch.o threads/palloc.o threads/malloc.o devices/pit.o devices/timer.o devices/kbd.o devices/vga.o devices/serial.o devices/block.o devices/partition.o devices/ide.o devices/input.o devices/intq.o devices/rtc.o devices/shutdown.o devices/speaker.o lib/debug.o lib/random.o lib/stdio.o lib/stdlib.o lib/string.o lib/arithmetic.o lib/ustar.o lib/kernel/debug.o lib/kernel/list.o lib/kernel/bitmap.o lib/kernel/hash.o lib/kernel/console.o tests/threads/tests.o tests/threads/alarm-wait.o tests/threads/alarm-simultaneous.o tests/threads/alarm-priority.o tests/threads/alarm-zero.o tests/threads/alarm-negative.o tests/threads/priority-change.o tests/threads/priority-donate-one.o tests/threads/priority-donate-multiple.o tests/threads/priority-donate-multiple2.o tests/threads/priority-donate-nest.o tests/threads/priority-donate-sema.o tests/threads/priority-donate-lower.o tests/threads/priority-fifo.o tests/threads/priority-preempt.o tests/threads/priority-sema.o tests/threads/priority-condvar.o tests/threads/priority-donate-chain.o tests/threads/mlfqs-load-1.o tests/threads/mlfqs-load-60.o tests/threads/mlfqs-load-avg.o tests/threads/mlfqs-recent-1.o tests/threads/mlfqs-fair.o tests/threads/mlfqs-block.o
objdump -S kernel.o > kernel.asm
nm -n kernel.o > kernel.sym
objcopy -R .note -R .comment -S kernel.o kernel.bin
gcc -c ../../threads/loader.S -o threads/loader.o -Wa,--gstabs,--32 -nostdinc -I../.. -I../../lib 
ld -melf_i386 -z norelro -N -e 0 -Ttext 0x7c00 -o loader.out threads/loader.o
objdump -S loader.out > loader.asm
objcopy -S -O binary -j .text loader.out loader.bin
rm loader.out
pintos -v -k -T 60 --bochs  -- -q  run alarm-single < /dev/null 2> tests/threads/alarm-single.errors > tests/threads/alarm-single.output
perl -I../.. ../../tests/threads/alarm-single.ck tests/threads/alarm-single tests/threads/alarm-single.result
[32mpass tests/threads/alarm-single
[0mpintos -v -k -T 60 --bochs  -- -q  run alarm-multiple < /dev/null 2> tests/threads/alarm-multiple.errors > tests/threads/alarm-multiple.output
perl -I../.. ../../tests/threads/alarm-multiple.ck tests/threads/alarm-multiple tests/threads/alarm-multiple.result
[32mpass tests/threads/alarm-multiple
[0mpintos -v -k -T 60 --bochs  -- -q  run alarm-simultaneous < /dev/null 2> tests/threads/alarm-simultaneous.errors > tests/threads/alarm-simultaneous.output
perl -I../.. ../../tests/threads/alarm-simultaneous.ck tests/threads/alarm-simultaneous tests/threads/alarm-simultaneous.result
[32mpass tests/threads/alarm-simultaneous
[0mpintos -v -k -T 60 --bochs  -- -q  run alarm-priority < /dev/null 2> tests/threads/alarm-priority.errors > tests/threads/alarm-priority.output
perl -I../.. ../../tests/threads/alarm-priority.ck tests/threads/alarm-priority tests/threads/alarm-priority.result
[32mpass tests/threads/alarm-priority
[0mpintos -v -k -T 60 --bochs  -- -q  run alarm-zero < /dev/null 2> tests/threads/alarm-zero.errors > tests/threads/alarm-zero.output
perl -I../.. ../../tests/threads/alarm-zero.ck tests/threads/alarm-zero tests/threads/alarm-zero.result
[32mpass tests/threads/alarm-zero
[0mpintos -v -k -T 60 --bochs  -- -q  run alarm-negative < /dev/null 2> tests/threads/alarm-negative.errors > tests/threads/alarm-negative.output
perl -I../.. ../../tests/threads/alarm-negative.ck tests/threads/alarm-negative tests/threads/alarm-negative.result
[32mpass tests/threads/alarm-negative
[0mpintos -v -k -T 60 --bochs  -- -q  run priority-change < /dev/null 2> tests/threads/priority-change.errors > tests/threads/priority-change.output
perl -I../.. ../../tests/threads/priority-change.ck tests/threads/priority-change tests/threads/priority-change.result
[32mpass tests/threads/priority-change
[0mpintos -v -k -T 60 --bochs  -- -q  run priority-donate-one < /dev/null 2> tests/threads/priority-donate-one.errors > tests/threads/priority-donate-one.output
perl -I../.. ../../tests/threads/priority-donate-one.ck tests/threads/priority-donate-one tests/threads/priority-donate-one.result
[32mpass tests/threads/priority-donate-one
[0mpintos -v -k -T 60 --bochs  -- -q  run priority-donate-multiple < /dev/null 2> tests/threads/priority-donate-multiple.errors > tests/threads/priority-donate-multiple.output
perl -I../.. ../../tests/threads/priority-donate-multiple.ck tests/threads/priority-donate-multiple tests/threads/priority-donate-multiple.result
[32mpass tests/threads/priority-donate-multiple
[0mpintos -v -k -T 60 --bochs  -- -q  run priority-donate-multiple2 < /dev/null 2> tests/threads/priority-donate-multiple2.errors > tests/threads/priority-donate-multiple2.output
perl -I../.. ../../tests/threads/priority-donate-multiple2.ck tests/threads/priority-donate-multiple2 tests/threads/priority-donate-multiple2.result
[32mpass tests/threads/priority-donate-multiple2
[0mpintos -v -k -T 60 --bochs  -- -q  run priority-donate-nest < /dev/null 2> tests/threads/priority-donate-nest.errors > tests/threads/priority-donate-nest.output
perl -I../.. ../../tests/threads/priority-donate-nest.ck tests/threads/priority-donate-nest tests/threads/priority-donate-nest.result
[32mpass tests/threads/priority-donate-nest
[0mpintos -v -k -T 60 --bochs  -- -q  run priority-donate-sema < /dev/null 2> tests/threads/priority-donate-sema.errors > tests/threads/priority-donate-sema.output
perl -I../.. ../../tests/threads/priority-donate-sema.ck tests/threads/priority-donate-sema tests/threads/priority-donate-sema.result
[32mpass tests/threads/priority-donate-sema
[0mpintos -v -k -T 60 --bochs  -- -q  run priority-donate-lower < /dev/null 2> tests/threads/priority-donate-lower.errors > tests/threads/priority-donate-lower.output
perl -I../.. ../../tests/threads/priority-donate-lower.ck tests/threads/priority-donate-lower tests/threads/priority-donate-lower.result
[32mpass tests/threads/priority-donate-lower
[0mpintos -v -k -T 60 --bochs  -- -q  run priority-fifo < /dev/null 2> tests/threads/priority-fifo.errors > tests/threads/priority-fifo.output
perl -I../.. ../../tests/threads/priority-fifo.ck tests/threads/priority-fifo tests/threads/priority-fifo.result
[32mpass tests/threads/priority-fifo
[0mpintos -v -k -T 60 --bochs  -- -q  run priority-preempt < /dev/null 2> tests/threads/priority-preempt.errors > tests/threads/priority-preempt.output
perl -I../.. ../../tests/threads/priority-preempt.ck tests/threads/priority-preempt tests/threads/priority-preempt.result
[32mpass tests/threads/priority-preempt
[0mpintos -v -k -T 60 --bochs  -- -q  run priority-sema < /dev/null 2> tests/threads/priority-sema.errors > tests/threads/priority-sema.output
perl -I../.. ../../tests/threads/priority-sema.ck tests/threads/priority-sema tests/threads/priority-sema.result
[32mpass tests/threads/priority-sema
[0mpintos -v -k -T 60 --bochs  -- -q  run priority-condvar < /dev/null 2> tests/threads/priority-condvar.errors > tests/threads/priority-condvar.output
perl -I../.. ../../tests/threads/priority-condvar.ck tests/threads/priority-condvar tests/threads/priority-condvar.result
[32mpass tests/threads/priority-condvar
[0mpintos -v -k -T 60 --bochs  -- -q  run priority-donate-chain < /dev/null 2> tests/threads/priority-donate-chain.errors > tests/threads/priority-donate-chain.output
perl -I../.. ../../tests/threads/priority-donate-chain.ck tests/threads/priority-donate-chain tests/threads/priority-donate-chain.result
[32mpass tests/threads/priority-donate-chain
[0mpintos -v -k -T 480 --bochs  -- -q -mlfqs run mlfqs-load-1 < /dev/null 2> tests/threads/mlfqs-load-1.errors > tests/threads/mlfqs-load-1.output
perl -I../.. ../../tests/threads/mlfqs-load-1.ck tests/threads/mlfqs-load-1 tests/threads/mlfqs-load-1.result
[32mpass tests/threads/mlfqs-load-1
[0mpintos -v -k -T 480 --bochs  -- -q -mlfqs run mlfqs-load-60 < /dev/null 2> tests/threads/mlfqs-load-60.errors > tests/threads/mlfqs-load-60.output
perl -I../.. ../../tests/threads/mlfqs-load-60.ck tests/threads/mlfqs-load-60 tests/threads/mlfqs-load-60.result
[32mpass tests/threads/mlfqs-load-60
[0mpintos -v -k -T 480 --bochs  -- -q -mlfqs run mlfqs-load-avg < /dev/null 2> tests/threads/mlfqs-load-avg.errors > tests/threads/mlfqs-load-avg.output
perl -I../.. ../../tests/threads/mlfqs-load-avg.ck tests/threads/mlfqs-load-avg tests/threads/mlfqs-load-avg.result
[32mpass tests/threads/mlfqs-load-avg
[0mpintos -v -k -T 480 --bochs  -- -q -mlfqs run mlfqs-recent-1 < /dev/null 2> tests/threads/mlfqs-recent-1.errors > tests/threads/mlfqs-recent-1.output
perl -I../.. ../../tests/threads/mlfqs-recent-1.ck tests/threads/mlfqs-recent-1 tests/threads/mlfqs-recent-1.result
[32mpass tests/threads/mlfqs-recent-1
[0mpintos -v -k -T 480 --bochs  -- -q -mlfqs run mlfqs-fair-2 < /dev/null 2> tests/threads/mlfqs-fair-2.errors > tests/threads/mlfqs-fair-2.output
perl -I../.. ../../tests/threads/mlfqs-fair-2.ck tests/threads/mlfqs-fair-2 tests/threads/mlfqs-fair-2.result
[32mpass tests/threads/mlfqs-fair-2
[0mpintos -v -k -T 480 --bochs  -- -q -mlfqs run mlfqs-fair-20 < /dev/null 2> tests/threads/mlfqs-fair-20.errors > tests/threads/mlfqs-fair-20.output
perl -I../.. ../../tests/threads/mlfqs-fair-20.ck tests/threads/mlfqs-fair-20 tests/threads/mlfqs-fair-20.result
[32mpass tests/threads/mlfqs-fair-20
[0mpintos -v -k -T 480 --bochs  -- -q -mlfqs run mlfqs-nice-2 < /dev/null 2> tests/threads/mlfqs-nice-2.errors > tests/threads/mlfqs-nice-2.output
perl -I../.. ../../tests/threads/mlfqs-nice-2.ck tests/threads/mlfqs-nice-2 tests/threads/mlfqs-nice-2.result
[32mpass tests/threads/mlfqs-nice-2
[0mpintos -v -k -T 480 --bochs  -- -q -mlfqs run mlfqs-nice-10 < /dev/null 2> tests/threads/mlfqs-nice-10.errors > tests/threads/mlfqs-nice-10.output
perl -I../.. ../../tests/threads/mlfqs-nice-10.ck tests/threads/mlfqs-nice-10 tests/threads/mlfqs-nice-10.result
[32mpass tests/threads/mlfqs-nice-10
[0mpintos -v -k -T 480 --bochs  -- -q -mlfqs run mlfqs-block < /dev/null 2> tests/threads/mlfqs-block.errors > tests/threads/mlfqs-block.output
perl -I../.. ../../tests/threads/mlfqs-block.ck tests/threads/mlfqs-block tests/threads/mlfqs-block.result
[32mpass tests/threads/mlfqs-block
[0mpass tests/threads/alarm-single
pass tests/threads/alarm-multiple
pass tests/threads/alarm-simultaneous
pass tests/threads/alarm-priority
pass tests/threads/alarm-zero
pass tests/threads/alarm-negative
pass tests/threads/priority-change
pass tests/threads/priority-donate-one
pass tests/threads/priority-donate-multiple
pass tests/threads/priority-donate-multiple2
pass tests/threads/priority-donate-nest
pass tests/threads/priority-donate-sema
pass tests/threads/priority-donate-lower
pass tests/threads/priority-fifo
pass tests/threads/priority-preempt
pass tests/threads/priority-sema
pass tests/threads/priority-condvar
pass tests/threads/priority-donate-chain
pass tests/threads/mlfqs-load-1
pass tests/threads/mlfqs-load-60
pass tests/threads/mlfqs-load-avg
pass tests/threads/mlfqs-recent-1
pass tests/threads/mlfqs-fair-2
pass tests/threads/mlfqs-fair-20
pass tests/threads/mlfqs-nice-2
pass tests/threads/mlfqs-nice-10
pass tests/threads/mlfqs-block
All 27 tests passed.
make[1]: Leaving directory '/home/lyxin65/pintos/subject/src/threads/build'
make: Leaving directory '/home/lyxin65/pintos/subject/src/threads'
